\BOOKMARK [1][-]{section.1}{General\040Structure\040of\040Pacman\040Project}{}% 1
\BOOKMARK [1][-]{section.2}{Search\040Functions\040Performance\040and\040Evaluation}{}% 2
\BOOKMARK [2][-]{subsection.2.1}{depthFirstSearch}{section.2}% 3
\BOOKMARK [3][-]{subsubsection.2.1.1}{Performance}{subsection.2.1}% 4
\BOOKMARK [3][-]{subsubsection.2.1.2}{How\040to\040Print\040a\040Path\040while\040Saving\040Time\040&\040Space}{subsection.2.1}% 5
\BOOKMARK [3][-]{subsubsection.2.1.3}{Analysis\040and\040Discussion}{subsection.2.1}% 6
\BOOKMARK [2][-]{subsection.2.2}{breadthFirstSearch}{section.2}% 7
\BOOKMARK [3][-]{subsubsection.2.2.1}{Performance}{subsection.2.2}% 8
\BOOKMARK [2][-]{subsection.2.3}{Analysis\040and\040Discussion}{section.2}% 9
\BOOKMARK [2][-]{subsection.2.4}{Uniform\040Cost\040Search}{section.2}% 10
\BOOKMARK [3][-]{subsubsection.2.4.1}{Performance}{subsection.2.4}% 11
\BOOKMARK [3][-]{subsubsection.2.4.2}{Analysis\040and\040Discussion}{subsection.2.4}% 12
\BOOKMARK [2][-]{subsection.2.5}{A*\040Search}{section.2}% 13
\BOOKMARK [3][-]{subsubsection.2.5.1}{Performance}{subsection.2.5}% 14
\BOOKMARK [2][-]{subsection.2.6}{Finding\040All\040the\040Corners}{section.2}% 15
\BOOKMARK [2][-]{subsection.2.7}{Corners\040Heuristic}{section.2}% 16
\BOOKMARK [3][-]{subsubsection.2.7.1}{Heuristic\040Function}{subsection.2.7}% 17
\BOOKMARK [3][-]{subsubsection.2.7.2}{Performance}{subsection.2.7}% 18
\BOOKMARK [2][-]{subsection.2.8}{Eating\040All\040the\040Dots}{section.2}% 19
\BOOKMARK [3][-]{subsubsection.2.8.1}{Heuristic}{subsection.2.8}% 20
\BOOKMARK [3][-]{subsubsection.2.8.2}{Performance}{subsection.2.8}% 21
\BOOKMARK [1][-]{section.3}{Further\040Comparison\040and\040Discussion}{}% 22
